2026-07-13 09:31:19 | INFO | ========== Dťmarrage GeoAudit ==========
2026-07-13 09:31:19 | INFO | Connexion PostgreSQL/PostGIS rťussie
2026-07-13 09:31:19 | INFO | Anciennes sorties quality_results supprimťes
2026-07-13 09:31:19 | INFO | Couches spatiales dťtectťes : ['agenda_jardins_ouverts_2026', 'base_equipement', 'commerces_de_proximite_agrees_ratp', 'communes_dile_de_france_au_01_janvier', 'connexion_ecologique_sdrif_e', 'iris', 'liste_des_jardins_remarquables', 'natura2000_zsc', 'projets_de_gares_sdrif_e', 'stationnement_velo_en_ile_de_france', 'velib_velos_et_bornes_disponibilite_temps_reel']
2026-07-13 09:31:19 | INFO | Dťbut audit couche : agenda_jardins_ouverts_2026
2026-07-13 09:31:19 | INFO | Audit terminť : agenda_jardins_ouverts_2026
2026-07-13 09:31:19 | INFO | Dťbut audit couche : base_equipement
2026-07-13 09:31:28 | INFO | Audit terminť : base_equipement
2026-07-13 09:31:28 | INFO | Dťbut audit couche : commerces_de_proximite_agrees_ratp
2026-07-13 09:31:28 | INFO | Audit terminť : commerces_de_proximite_agrees_ratp
2026-07-13 09:31:28 | INFO | Dťbut audit couche : communes_dile_de_france_au_01_janvier
2026-07-13 09:31:29 | INFO | Audit terminť : communes_dile_de_france_au_01_janvier
2026-07-13 09:31:29 | INFO | Dťbut audit couche : connexion_ecologique_sdrif_e
2026-07-13 09:31:29 | INFO | Audit terminť : connexion_ecologique_sdrif_e
2026-07-13 09:31:29 | INFO | Dťbut audit couche : iris
2026-07-13 09:31:29 | INFO | Audit terminť : iris
2026-07-13 09:31:29 | INFO | Dťbut audit couche : liste_des_jardins_remarquables
2026-07-13 09:31:29 | INFO | Audit terminť : liste_des_jardins_remarquables
2026-07-13 09:31:29 | INFO | Dťbut audit couche : natura2000_zsc
2026-07-13 09:31:29 | INFO | Audit terminť : natura2000_zsc
2026-07-13 09:31:29 | INFO | Dťbut audit couche : projets_de_gares_sdrif_e
2026-07-13 09:31:29 | INFO | Audit terminť : projets_de_gares_sdrif_e
2026-07-13 09:31:29 | INFO | Dťbut audit couche : stationnement_velo_en_ile_de_france
2026-07-13 09:31:30 | INFO | Audit terminť : stationnement_velo_en_ile_de_france
2026-07-13 09:31:30 | INFO | Dťbut audit couche : velib_velos_et_bornes_disponibilite_temps_reel
2026-07-13 09:31:30 | INFO | Audit terminť : velib_velos_et_bornes_disponibilite_temps_reel
2026-07-13 09:31:30 | INFO | Rťsumť des audits gťnťrť
2026-07-13 09:31:31 | INFO | Rapport Excel gťnťrť
2026-07-13 09:31:31 | INFO | Rapport HTML gťnťrť
2026-07-13 09:31:32 | INFO | Rapport PDF gťnťrť
2026-07-13 09:31:32 | INFO | GeoAudit terminť avec succŤs - 11 couches analysťes
2026-07-13 09:52:32 | INFO | ========== Dťmarrage GeoAudit ==========
2026-07-13 09:52:32 | INFO | Connexion PostgreSQL/PostGIS rťussie
2026-07-13 09:52:32 | INFO | Anciennes sorties quality_results supprimťes
2026-07-13 09:52:32 | INFO | Couches spatiales dťtectťes : ['agenda_jardins_ouverts_2026', 'base_equipement', 'commerces_de_proximite_agrees_ratp', 'communes_dile_de_france_au_01_janvier', 'connexion_ecologique_sdrif_e', 'iris', 'liste_des_jardins_remarquables', 'natura2000_zsc', 'projets_de_gares_sdrif_e', 'stationnement_velo_en_ile_de_france', 'velib_velos_et_bornes_disponibilite_temps_reel']
2026-07-13 09:52:32 | INFO | Dťbut audit couche : agenda_jardins_ouverts_2026
2026-07-13 09:52:32 | INFO | Audit terminť : agenda_jardins_ouverts_2026
2026-07-13 09:52:32 | INFO | Dťbut audit couche : base_equipement
2026-07-13 09:52:43 | INFO | Audit terminť : base_equipement
2026-07-13 09:52:43 | INFO | Dťbut audit couche : commerces_de_proximite_agrees_ratp
2026-07-13 09:52:43 | INFO | Audit terminť : commerces_de_proximite_agrees_ratp
2026-07-13 09:52:43 | INFO | Dťbut audit couche : communes_dile_de_france_au_01_janvier
2026-07-13 09:52:43 | INFO | Audit terminť : communes_dile_de_france_au_01_janvier
2026-07-13 09:52:43 | INFO | Dťbut audit couche : connexion_ecologique_sdrif_e
2026-07-13 09:52:44 | INFO | Audit terminť : connexion_ecologique_sdrif_e
2026-07-13 09:52:44 | INFO | Dťbut audit couche : iris
2026-07-13 09:52:44 | INFO | Audit terminť : iris
2026-07-13 09:52:44 | INFO | Dťbut audit couche : liste_des_jardins_remarquables
2026-07-13 09:52:44 | INFO | Audit terminť : liste_des_jardins_remarquables
2026-07-13 09:52:44 | INFO | Dťbut audit couche : natura2000_zsc
2026-07-13 09:52:44 | INFO | Audit terminť : natura2000_zsc
2026-07-13 09:52:44 | INFO | Dťbut audit couche : projets_de_gares_sdrif_e
2026-07-13 09:52:44 | INFO | Audit terminť : projets_de_gares_sdrif_e
2026-07-13 09:52:44 | INFO | Dťbut audit couche : stationnement_velo_en_ile_de_france
2026-07-13 09:52:44 | INFO | Audit terminť : stationnement_velo_en_ile_de_france
2026-07-13 09:52:44 | INFO | Dťbut audit couche : velib_velos_et_bornes_disponibilite_temps_reel
2026-07-13 09:52:45 | INFO | Audit terminť : velib_velos_et_bornes_disponibilite_temps_reel
2026-07-13 09:52:45 | INFO | Rťsumť des audits gťnťrť
2026-07-13 09:52:45 | INFO | Rapport Excel gťnťrť
2026-07-13 09:52:45 | INFO | Rapport HTML gťnťrť
2026-07-13 09:52:46 | INFO | Rapport PDF gťnťrť
2026-07-13 09:52:46 | INFO | GeoAudit terminť avec succŤs - 11 couches analysťes
